This is TeX, Version 3.14159 (Web2C 7.3.1) (format=latex 2001.8.20)  25 JAN 2005 01:56
**./images.tex
(./images.tex
LaTeX2e <1998/12/01> patch level 1
Babel <v3.6x> and hyphenation patterns for american, french, german, ngerman, i
talian, nohyphenation, loaded.

(/usr/share/texmf/tex/latex/base/latex209.def
File: latex209.def 1998/05/13 v0.52 Standard LaTeX file

          Entering LaTeX 2.09 COMPATIBILITY MODE
 *************************************************************
    !!WARNING!!    !!WARNING!!    !!WARNING!!    !!WARNING!!   
 
 This mode attempts to provide an emulation of the LaTeX 2.09
 author environment so that OLD documents can be successfully
 processed. It should NOT be used for NEW documents!
 
 New documents should use Standard LaTeX conventions and start
 with the \documentclass command.
 
 Compatibility mode is UNLIKELY TO WORK with LaTeX 2.09 style
 files that change any internal macros, especially not with
 those that change the FONT SELECTION or OUTPUT ROUTINES.
 
 Therefore such style files MUST BE UPDATED to use
          Current Standard LaTeX: LaTeX2e.
 If you suspect that you may be using such a style file, which
 is probably very, very old by now, then you should attempt to
 get it updated by sending a copy of this error message to the
 author of that file.
 *************************************************************

\footheight=\dimen102
\@maxsep=\dimen103
\@dblmaxsep=\dimen104
\@cla=\count79
\@clb=\count80
\mscount=\count81
(/usr/share/texmf/tex/latex/base/tracefnt.sty
Package: tracefnt 1997/05/29 v3.0j Standard LaTeX package (font tracing)
\tracingfonts=\count82
LaTeX Info: Redefining \selectfont on input line 83.
)
\symbold=\mathgroup4
\symsans=\mathgroup5
\symtypewriter=\mathgroup6
\symitalic=\mathgroup7
\symsmallcaps=\mathgroup8
\symslanted=\mathgroup9
LaTeX Font Info:    Redeclaring math alphabet \mathbf on input line 275.
LaTeX Font Info:    Redeclaring math alphabet \mathsf on input line 276.
LaTeX Font Info:    Redeclaring math alphabet \mathtt on input line 277.
LaTeX Font Info:    Redeclaring math alphabet \mathit on input line 283.
LaTeX Info: Redefining \em on input line 293.
(/usr/share/texmf/tex/latex/base/latexsym.sty
Package: latexsym 1998/08/17 v2.2e Standard LaTeX package (lasy symbols)
\symlasy=\mathgroup10
LaTeX Font Info:    Overwriting symbol font `lasy' in version `bold'
(Font)                  U/lasy/m/n --> U/lasy/b/n on input line 29.
)
LaTeX Font Info:    Redeclaring math delimiter \lgroup on input line 357.
LaTeX Font Info:    Redeclaring math delimiter \rgroup on input line 359.
LaTeX Font Info:    Redeclaring math delimiter \bracevert on input line 361.
(/usr/share/texmf/tex/latex/config/latex209.cfg) (/usr/share/texmf/tex/latex/to
ols/rawfonts.sty
Package: rawfonts 1994/05/08 Low-level LaTeX 2.09 font compatibility
(/usr/share/texmf/tex/latex/tools/somedefs.sty
Package: somedefs 1994/06/01 Toolkit for optional definitions
)
LaTeX Font Info:    Try loading font information for U+lasy on input line 34.
(/usr/share/texmf/tex/latex/base/ulasy.fd
File: ulasy.fd 1998/08/17 v2.2eLaTeX symbol font definitions
))) (/usr/share/texmf/tex/latex/base/book.cls
Document Class: book 1999/01/07 v1.4a Standard LaTeX document class
(/usr/share/texmf/tex/latex/base/bk11.clo
File: bk11.clo 1999/01/07 v1.4a Standard LaTeX file (size option)
)
\c@part=\count83
\c@chapter=\count84
\c@section=\count85
\c@subsection=\count86
\c@subsubsection=\count87
\c@paragraph=\count88
\c@subparagraph=\count89
\c@figure=\count90
\c@table=\count91
\abovecaptionskip=\skip41
\belowcaptionskip=\skip42
Compatibility mode: definition of \rm ignored.
Compatibility mode: definition of \sf ignored.
Compatibility mode: definition of \tt ignored.
Compatibility mode: definition of \bf ignored.
Compatibility mode: definition of \it ignored.
Compatibility mode: definition of \sl ignored.
Compatibility mode: definition of \sc ignored.
LaTeX Info: Redefining \cal on input line 572.
LaTeX Info: Redefining \mit on input line 573.
\bibindent=\dimen105
) (/homes/wh/eclipse_home/tools/i386_linux/lib/latex2html/texinputs/html.sty) (
/usr/share/texmf/tex/latex/misc/a4wide.sty
Package: a4wide 1994/08/30
(/usr/share/texmf/tex/latex/ntgclass/a4.sty
Package: a4 1999/03/03 v1.2f A4 based page layout
)) (/usr/share/texmf/tex/plain/dvips/epsf.tex
This is `epsf.tex' v2.7k <10 July 1997>
\epsffilein=\read1
\epsfframemargin=\dimen106
\epsfframethickness=\dimen107
\epsfrsize=\dimen108
\epsftmp=\dimen109
\epsftsize=\dimen110
\epsfxsize=\dimen111
\epsfysize=\dimen112
\pspoints=\dimen113
\epsfnoopenhelp=\toks14
) (/usr/share/texmf/tex/latex/ae/ae.sty
Package: ae 1998/11/17 1.0 Almost European Computer Modern
(/usr/share/texmf/tex/latex/base/fontenc.sty
Package: fontenc 1999/02/24 v1.9t Standard LaTeX package
(/usr/share/texmf/tex/latex/base/t1enc.def
File: t1enc.def 1999/02/24 v1.9t Standard LaTeX file
LaTeX Font Info:    Redeclaring font encoding T1 on input line 25.
)
LaTeX Font Info:    Try loading font information for T1+aer on input line 78.
(/usr/share/texmf/tex/latex/ae/t1aer.fd
File: t1aer.fd 1997/11/16 Font definitions for T1/aer.
))) (/usr/share/texmf/tex/latex/misc/aecompl.sty
Package: aecompl 1998/07/23 0.9 T1 Complements for AE fonts (D. Roegel)
)
We are in html mode
\@indexfile=\write3
\openout3 = `images.idx'.

Writing index file images.idx
\sizebox=\box26
\lthtmlwrite=\write4
(images.aux
(/a/crab/scratch/Crab_scratch/rotds/patch-2005-01-25/build/documents/libman/ind
exfile.aux))
\openout1 = `images.aux'.

LaTeX Font Info:    Checking defaults for OML/cmm/m/it on input line 97.
LaTeX Font Info:    ... okay on input line 97.
LaTeX Font Info:    Checking defaults for T1/cmr/m/n on input line 97.
LaTeX Font Info:    ... okay on input line 97.
LaTeX Font Info:    Checking defaults for OT1/cmr/m/n on input line 97.
LaTeX Font Info:    ... okay on input line 97.
LaTeX Font Info:    Checking defaults for OMS/cmsy/m/n on input line 97.
LaTeX Font Info:    ... okay on input line 97.
LaTeX Font Info:    Checking defaults for OMX/cmex/m/n on input line 97.
LaTeX Font Info:    ... okay on input line 97.
LaTeX Font Info:    Checking defaults for U/cmr/m/n on input line 97.
LaTeX Font Info:    ... okay on input line 97.

latex2htmlLength hsize=451.0pt

latex2htmlLength vsize=554.0pt

latex2htmlLength hoffset=0.0pt

latex2htmlLength voffset=0.0pt

latex2htmlLength topmargin=0.0pt

latex2htmlLength topskip=0.00003pt

latex2htmlLength headheight=0.0pt

latex2htmlLength headsep=0.0pt

latex2htmlLength parskip=0.0pt plus 1.0pt

latex2htmlLength oddsidemargin=9.03374pt

latex2htmlLength evensidemargin=9.03374pt

LaTeX Font Info:    External font `cmex10' loaded for size
(Font)              <10.95> on input line 158.
LaTeX Font Info:    External font `cmex10' loaded for size
(Font)              <8> on input line 158.
LaTeX Font Info:    External font `cmex10' loaded for size
(Font)              <6> on input line 158.
l2hSize :tex2html\_wrap\_inline1436:7.0626pt::0.0pt::7.18219pt.
[2



]
l2hSize :figure1008:252.94208pt::0.0pt::451.0pt.
[3


] (images.aux) ) 
Here is how much of TeX's memory you used:
 1061 strings out of 10898
 11333 string characters out of 96881
 51720 words of memory out of 263001
 3983 multiletter control sequences out of 10000+0
 23933 words of font info for 85 fonts, out of 400000 for 1000
 14 hyphenation exceptions out of 1000
 30i,5n,22p,615b,221s stack positions out of 300i,100n,500p,50000b,4000s

Output written on images.dvi (2 pages, 388 bytes).
