This is TeX, Version 3.14159 (Web2C 7.3.1) (format=latex 2001.8.20)  25 JAN 2005 01:55
**./images.tex
(./images.tex
LaTeX2e <1998/12/01> patch level 1
Babel <v3.6x> and hyphenation patterns for american, french, german, ngerman, i
talian, nohyphenation, loaded.

(/usr/share/texmf/tex/latex/base/book.cls
Document Class: book 1999/01/07 v1.4a Standard LaTeX document class
(/usr/share/texmf/tex/latex/base/bk11.clo
File: bk11.clo 1999/01/07 v1.4a Standard LaTeX file (size option)
)
\c@part=\count79
\c@chapter=\count80
\c@section=\count81
\c@subsection=\count82
\c@subsubsection=\count83
\c@paragraph=\count84
\c@subparagraph=\count85
\c@figure=\count86
\c@table=\count87
\abovecaptionskip=\skip41
\belowcaptionskip=\skip42
\bibindent=\dimen102
) (/usr/share/texmf/tex/latex/base/alltt.sty
Package: alltt 1997/06/16 v2.0g defines alltt environment
) (/usr/share/texmf/tex/latex/graphics/graphics.sty
Package: graphics 1999/02/16 v1.0l Standard LaTeX Graphics (DPC,SPQR)
(/usr/share/texmf/tex/latex/graphics/trig.sty
Package: trig 1999/03/16 v1.09 sin cos tan (DPC)
) (/usr/share/texmf/tex/latex/config/graphics.cfg)
Package graphics Info: Driver file: dvips.def on input line 80.
(/usr/share/texmf/tex/latex/graphics/dvips.def
File: dvips.def 1999/02/16 v3.0i Driver-dependant file (DPC,SPQR)
)) (/homes/wh/eclipse_home/tools/i386_linux/lib/latex2html/texinputs/html.sty
Package: html 1998/06/21 v1.31 hypertext commands for latex2html (nd, hws, rrm)

\c@lpart=\count88
\c@lchapter=\count89
\c@lsection=\count90
\c@lsubsection=\count91
\c@lsubsubsection=\count92
\c@lparagraph=\count93
\c@lsubparagraph=\count94
\c@lsubsubparagraph=\count95
\ptrfile=\write3
) (/usr/share/texmf/tex/latex/ae/ae.sty
Package: ae 1998/11/17 1.0 Almost European Computer Modern
(/usr/share/texmf/tex/latex/base/fontenc.sty
Package: fontenc 1999/02/24 v1.9t Standard LaTeX package
(/usr/share/texmf/tex/latex/base/t1enc.def
File: t1enc.def 1999/02/24 v1.9t Standard LaTeX file
LaTeX Font Info:    Redeclaring font encoding T1 on input line 25.
)
LaTeX Font Info:    Try loading font information for T1+aer on input line 78.
(/usr/share/texmf/tex/latex/ae/t1aer.fd
File: t1aer.fd 1997/11/16 Font definitions for T1/aer.
))) (/usr/share/texmf/tex/latex/misc/aecompl.sty
Package: aecompl 1998/07/23 0.9 T1 Complements for AE fonts (D. Roegel)
)
We are in html mode
\@indexfile=\write4
\openout4 = `images.idx'.

Writing index file images.idx
(/usr/share/texmf/tex/latex/graphics/color.sty
Package: color 1999/02/16 v1.0i Standard LaTeX Color (DPC)
(/usr/share/texmf/tex/latex/config/color.cfg)
Package color Info: Driver file: dvips.def on input line 125.
(/usr/share/texmf/tex/latex/graphics/dvipsnam.def
File: dvipsnam.def 1999/02/16 v3.0i Driver-dependant file (DPC,SPQR)
))
\sizebox=\box26
\lthtmlwrite=\write5
(images.aux
(/a/crab/scratch/Crab_scratch/rotds/patch-2005-01-25/build/documents/embedding/
embed.aux)
(/a/crab/scratch/Crab_scratch/rotds/patch-2005-01-25/build/documents/embedding/
embfunc.aux)
(/a/crab/scratch/Crab_scratch/rotds/patch-2005-01-25/build/documents/embedding/
embtcl.aux)
(/a/crab/scratch/Crab_scratch/rotds/patch-2005-01-25/build/documents/embedding/
embremote.aux)
(/a/crab/scratch/Crab_scratch/rotds/patch-2005-01-25/build/documents/embedding/
embtclmulti.aux)
(/a/crab/scratch/Crab_scratch/rotds/patch-2005-01-25/build/documents/embedding/
embjava.aux)
(/a/crab/scratch/Crab_scratch/rotds/patch-2005-01-25/build/documents/embedding/
embexdr.aux)
(/a/crab/scratch/Crab_scratch/rotds/patch-2005-01-25/build/documents/embedding/
embremoteproto.aux)
(/a/crab/scratch/Crab_scratch/rotds/patch-2005-01-25/build/documents/embedding/
ecoptions.aux)
(/a/crab/scratch/Crab_scratch/rotds/patch-2005-01-25/build/documents/embedding/
embsumcxx.aux)
(/a/crab/scratch/Crab_scratch/rotds/patch-2005-01-25/build/documents/embedding/
embsumc.aux)
(/a/crab/scratch/Crab_scratch/rotds/patch-2005-01-25/build/documents/embedding/
umsforeign.aux)
(/a/crab/scratch/Crab_scratch/rotds/patch-2005-01-25/build/documents/embedding/
indexfile.aux))
\openout1 = `images.aux'.

LaTeX Font Info:    Checking defaults for OML/cmm/m/it on input line 110.
LaTeX Font Info:    ... okay on input line 110.
LaTeX Font Info:    Checking defaults for T1/cmr/m/n on input line 110.
LaTeX Font Info:    ... okay on input line 110.
LaTeX Font Info:    Checking defaults for OT1/cmr/m/n on input line 110.
LaTeX Font Info:    ... okay on input line 110.
LaTeX Font Info:    Checking defaults for OMS/cmsy/m/n on input line 110.
LaTeX Font Info:    ... okay on input line 110.
LaTeX Font Info:    Checking defaults for OMX/cmex/m/n on input line 110.
LaTeX Font Info:    ... okay on input line 110.
LaTeX Font Info:    Checking defaults for U/cmr/m/n on input line 110.
LaTeX Font Info:    ... okay on input line 110.

latex2htmlLength hsize=349.0pt

latex2htmlLength vsize=671.071pt

latex2htmlLength hoffset=0.0pt

latex2htmlLength voffset=0.0pt

latex2htmlLength topmargin=0.0pt

latex2htmlLength topskip=0.00003pt

latex2htmlLength headheight=0.0pt

latex2htmlLength headsep=0.0pt

latex2htmlLength parskip=0.0pt plus 1.0pt

latex2htmlLength oddsidemargin=0.0pt

latex2htmlLength evensidemargin=0.0pt

LaTeX Font Info:    Try loading font information for T1+aett on input line 216.

(/usr/share/texmf/tex/latex/ae/t1aett.fd
File: t1aett.fd 1997/11/16 Font definitions for T1/aett.
)
Overfull \hbox (69.85777pt too wide) in paragraph at lines 236--236
[]\T1/aett/m/n/10.95 % Tcl side will cre-ate the from-ECLiPSe queue gui_output,
 which will also 
 []


Underfull \hbox (badness 10000) in paragraph at lines 236--236
[]\T1/aett/m/n/10.95 % au-to-mat-i-cally flush at the end of ev-
 []


Underfull \hbox (badness 10000) in paragraph at lines 236--236
[]\T1/aett/m/n/10.95 % this is for yield-ing con-trol to Tcl. No need to spec-
 []

l2hSize :figure2413:321.23022pt::0.0pt::349.0pt.
[2



]
Underfull \hbox (badness 10000) in paragraph at lines 282--282
[]\T1/aett/m/n/10 # dis-able the ter-mi-nate but-ton when con-trol is trans-
 []


Underfull \hbox (badness 10000) in paragraph at lines 282--282
[]\T1/aett/m/n/10 # en-able the ter-mi-nate but-ton when con-trol is trans-
 []


Underfull \hbox (badness 10000) in paragraph at lines 282--282
[]\T1/aett/m/n/10 # the ini-tial-i-sa-tion pro-ce-dure, called when the re-
 []


Underfull \hbox (badness 10000) in paragraph at lines 282--282
[]\T1/aett/m/n/10 # this but-ton ini-ti-ates dis-con-nec-tion and ter-mi-
 []


Overfull \hbox (17.79932pt too wide) in paragraph at lines 282--282
[]\T1/aett/m/n/10 pack [but-ton .b -text "Ter-mi-nate" -command "ec_disconnect;
 terminate"][] 
 []


Underfull \hbox (badness 10000) in paragraph at lines 282--282
[]\T1/aett/m/n/10 # only start and end com-mands given; the oth-ers de-
 []


Underfull \hbox (badness 10000) in paragraph at lines 282--282
[]\T1/aett/m/n/10 # the at-tach-ment to ECLiPSe in-cludes the ini-tial-i-sa-
 []


Underfull \hbox (badness 10000) in paragraph at lines 282--282
[]\T1/aett/m/n/10 # cre-ates the gui_output queue. The con-nec-
 []

l2hSize :figure2419:571.05994pt::0.0pt::349.0pt.
[3


]
File: remoteconnect.ps Graphic file (type eps)
<remoteconnect.ps>
l2hSize :tex2html\_wrap7456:254.9525pt::0.0pt::349.0pt.
[4


]
File: syncpeer.ps Graphic file (type eps)
<syncpeer.ps>
Overfull \hbox (62.5375pt too wide) in paragraph at lines 361--362
[][] 
 []

l2hSize :tex2html\_wrap7550:95.35626pt::0.0pt::349.0pt.
[5


]
l2hSize :picture6528:70.0pt::0.0pt::349.0pt.
[6


]
l2hSize :picture6537:70.0pt::0.0pt::349.0pt.
[7


]
l2hSize :picture6556:80.0pt::0.0pt::349.0pt.
[8


]
l2hSize :picture6588:60.0pt::0.0pt::349.0pt.
[9


]
l2hSize :picture6599:120.0pt::0.0pt::349.0pt.
[10


]
l2hSize :picture6622:70.0pt::0.0pt::349.0pt.
[11


]
l2hSize :picture6644:100.0pt::0.0pt::349.0pt.
[12


]
l2hSize :picture6701:100.0pt::0.0pt::349.0pt.
[13


]
l2hSize :picture6739:60.0pt::0.0pt::349.0pt.
[14


]
l2hSize :picture6757:60.0pt::0.0pt::349.0pt.
[15


]
l2hSize :picture6774:60.0pt::0.0pt::349.0pt.
[16


]
l2hSize :picture6797:70.0pt::0.0pt::349.0pt.
[17


]
l2hSize :picture6806:70.0pt::0.0pt::349.0pt.
[18


]
l2hSize :picture6821:110.0pt::0.0pt::349.0pt.
[19


]
l2hSize :picture6842:110.0pt::0.0pt::349.0pt.
[20


]
l2hSize :picture6863:105.0pt::0.0pt::349.0pt.
[21


]
l2hSize :picture6879:60.0pt::0.0pt::349.0pt.
[22


]
l2hSize :picture6892:70.0pt::0.0pt::349.0pt.
[23


]
l2hSize :picture6917:70.0pt::0.0pt::349.0pt.
[24


]
l2hSize :picture6969:120.0pt::0.0pt::349.0pt.
[25


]
l2hSize :picture6989:60.0pt::0.0pt::349.0pt.
[26


]
l2hSize :picture7016:60.0pt::0.0pt::349.0pt.
[27


]
l2hSize :picture7033:60.0pt::0.0pt::349.0pt.
[28


]
l2hSize :picture7052:60.0pt::0.0pt::349.0pt.
[29


] (images.aux) ) 
Here is how much of TeX's memory you used:
 1300 strings out of 10898
 16305 string characters out of 96881
 64689 words of memory out of 263001
 4238 multiletter control sequences out of 10000+0
 12051 words of font info for 22 fonts, out of 400000 for 1000
 14 hyphenation exceptions out of 1000
 28i,7n,19p,615b,413s stack positions out of 300i,100n,500p,50000b,4000s

Output written on images.dvi (28 pages, 22916 bytes).
