This is TeX, Version 3.14159 (Web2C 7.3.1) (format=latex 2001.8.20)  25 JAN 2005 01:54
**./images.tex
(./images.tex
LaTeX2e <1998/12/01> patch level 1
Babel <v3.6x> and hyphenation patterns for american, french, german, ngerman, i
talian, nohyphenation, loaded.

(/usr/share/texmf/tex/latex/base/book.cls
Document Class: book 1999/01/07 v1.4a Standard LaTeX document class
(/usr/share/texmf/tex/latex/base/bk11.clo
File: bk11.clo 1999/01/07 v1.4a Standard LaTeX file (size option)
)
\c@part=\count79
\c@chapter=\count80
\c@section=\count81
\c@subsection=\count82
\c@subsubsection=\count83
\c@paragraph=\count84
\c@subparagraph=\count85
\c@figure=\count86
\c@table=\count87
\abovecaptionskip=\skip41
\belowcaptionskip=\skip42
\bibindent=\dimen102
) (/usr/share/texmf/tex/latex/base/alltt.sty
Package: alltt 1997/06/16 v2.0g defines alltt environment
) (/usr/share/texmf/tex/latex/graphics/graphics.sty
Package: graphics 1999/02/16 v1.0l Standard LaTeX Graphics (DPC,SPQR)
(/usr/share/texmf/tex/latex/graphics/trig.sty
Package: trig 1999/03/16 v1.09 sin cos tan (DPC)
) (/usr/share/texmf/tex/latex/config/graphics.cfg)
Package graphics Info: Driver file: dvips.def on input line 80.
(/usr/share/texmf/tex/latex/graphics/dvips.def
File: dvips.def 1999/02/16 v3.0i Driver-dependant file (DPC,SPQR)
)) (/homes/wh/eclipse_home/tools/i386_linux/lib/latex2html/texinputs/html.sty
Package: html 1998/06/21 v1.31 hypertext commands for latex2html (nd, hws, rrm)

\c@lpart=\count88
\c@lchapter=\count89
\c@lsection=\count90
\c@lsubsection=\count91
\c@lsubsubsection=\count92
\c@lparagraph=\count93
\c@lsubparagraph=\count94
\c@lsubsubparagraph=\count95
\ptrfile=\write3
) (/usr/share/texmf/tex/plain/dvips/epsf.tex
This is `epsf.tex' v2.7k <10 July 1997>
\epsffilein=\read1
\epsfframemargin=\dimen103
\epsfframethickness=\dimen104
\epsfrsize=\dimen105
\epsftmp=\dimen106
\epsftsize=\dimen107
\epsfxsize=\dimen108
\epsfysize=\dimen109
\pspoints=\dimen110
\epsfnoopenhelp=\toks14
) (/usr/share/texmf/tex/latex/ae/ae.sty
Package: ae 1998/11/17 1.0 Almost European Computer Modern
(/usr/share/texmf/tex/latex/base/fontenc.sty
Package: fontenc 1999/02/24 v1.9t Standard LaTeX package
(/usr/share/texmf/tex/latex/base/t1enc.def
File: t1enc.def 1999/02/24 v1.9t Standard LaTeX file
LaTeX Font Info:    Redeclaring font encoding T1 on input line 25.
)
LaTeX Font Info:    Try loading font information for T1+aer on input line 78.
(/usr/share/texmf/tex/latex/ae/t1aer.fd
File: t1aer.fd 1997/11/16 Font definitions for T1/aer.
))) (/usr/share/texmf/tex/latex/misc/aecompl.sty
Package: aecompl 1998/07/23 0.9 T1 Complements for AE fonts (D. Roegel)
)
We are in html mode
\@indexfile=\write4
\openout4 = `images.idx'.

Writing index file images.idx
(/usr/share/texmf/tex/latex/graphics/color.sty
Package: color 1999/02/16 v1.0i Standard LaTeX Color (DPC)
(/usr/share/texmf/tex/latex/config/color.cfg)
Package color Info: Driver file: dvips.def on input line 125.
(/usr/share/texmf/tex/latex/graphics/dvipsnam.def
File: dvipsnam.def 1999/02/16 v3.0i Driver-dependant file (DPC,SPQR)
))
\sizebox=\box26
\lthtmlwrite=\write5
(images.aux
(/a/crab/scratch/Crab_scratch/rotds/patch-2005-01-25/build/documents/userman/um
sintro.aux)
(/a/crab/scratch/Crab_scratch/rotds/patch-2005-01-25/build/documents/userman/um
sterm.aux)
(/a/crab/scratch/Crab_scratch/rotds/patch-2005-01-25/build/documents/userman/um
susing.aux)
(/a/crab/scratch/Crab_scratch/rotds/patch-2005-01-25/build/documents/userman/um
stkeclipse.aux)
(/a/crab/scratch/Crab_scratch/rotds/patch-2005-01-25/build/documents/userman/um
slanguage.aux)
(/a/crab/scratch/Crab_scratch/rotds/patch-2005-01-25/build/documents/userman/um
scompiler.aux)
(/a/crab/scratch/Crab_scratch/rotds/patch-2005-01-25/build/documents/userman/um
smodules.aux)
(/a/crab/scratch/Crab_scratch/rotds/patch-2005-01-25/build/documents/userman/um
sarith.aux)
(/a/crab/scratch/Crab_scratch/rotds/patch-2005-01-25/build/documents/userman/um
sarrays.aux)
(/a/crab/scratch/Crab_scratch/rotds/patch-2005-01-25/build/documents/userman/um
sio.aux)
(/a/crab/scratch/Crab_scratch/rotds/patch-2005-01-25/build/documents/userman/um
sdynamic.aux)
(/a/crab/scratch/Crab_scratch/rotds/patch-2005-01-25/build/documents/userman/um
smacros.aux)
(/a/crab/scratch/Crab_scratch/rotds/patch-2005-01-25/build/documents/userman/um
sexcept.aux)
(/a/crab/scratch/Crab_scratch/rotds/patch-2005-01-25/build/documents/userman/um
sdebug.aux)
(/a/crab/scratch/Crab_scratch/rotds/patch-2005-01-25/build/documents/userman/um
sdeveltools.aux)
(/a/crab/scratch/Crab_scratch/rotds/patch-2005-01-25/build/documents/userman/ex
tmeta.aux)
(/a/crab/scratch/Crab_scratch/rotds/patch-2005-01-25/build/documents/userman/ex
thsusp.aux)
(/a/crab/scratch/Crab_scratch/rotds/patch-2005-01-25/build/documents/userman/ex
tsuspend.aux)
(/a/crab/scratch/Crab_scratch/rotds/patch-2005-01-25/build/documents/userman/um
smemory.aux)
(/a/crab/scratch/Crab_scratch/rotds/patch-2005-01-25/build/documents/userman/um
sopsys.aux)
(/a/crab/scratch/Crab_scratch/rotds/patch-2005-01-25/build/documents/userman/um
ssocket.aux)
(/a/crab/scratch/Crab_scratch/rotds/patch-2005-01-25/build/documents/userman/um
sporting.aux)
(/a/crab/scratch/Crab_scratch/rotds/patch-2005-01-25/build/documents/userman/um
ssyntax.aux)
(/a/crab/scratch/Crab_scratch/rotds/patch-2005-01-25/build/documents/userman/um
sopers.aux)
(/a/crab/scratch/Crab_scratch/rotds/patch-2005-01-25/build/documents/userman/um
serrors.aux)
(/a/crab/scratch/Crab_scratch/rotds/patch-2005-01-25/build/documents/userman/um
scmdlineopts.aux)
(/a/crab/scratch/Crab_scratch/rotds/patch-2005-01-25/build/documents/userman/um
sstyle.aux)
(/a/crab/scratch/Crab_scratch/rotds/patch-2005-01-25/build/documents/userman/um
sbugs.aux)
(/a/crab/scratch/Crab_scratch/rotds/patch-2005-01-25/build/documents/userman/in
dexfile.aux))
\openout1 = `images.aux'.

LaTeX Font Info:    Checking defaults for OML/cmm/m/it on input line 113.
LaTeX Font Info:    ... okay on input line 113.
LaTeX Font Info:    Checking defaults for T1/cmr/m/n on input line 113.
LaTeX Font Info:    ... okay on input line 113.
LaTeX Font Info:    Checking defaults for OT1/cmr/m/n on input line 113.
LaTeX Font Info:    ... okay on input line 113.
LaTeX Font Info:    Checking defaults for OMS/cmsy/m/n on input line 113.
LaTeX Font Info:    ... okay on input line 113.
LaTeX Font Info:    Checking defaults for OMX/cmex/m/n on input line 113.
LaTeX Font Info:    ... okay on input line 113.
LaTeX Font Info:    Checking defaults for U/cmr/m/n on input line 113.
LaTeX Font Info:    ... okay on input line 113.

latex2htmlLength hsize=349.0pt

latex2htmlLength vsize=671.071pt

latex2htmlLength hoffset=0.0pt

latex2htmlLength voffset=0.0pt

latex2htmlLength topmargin=0.0pt

latex2htmlLength topskip=0.00003pt

latex2htmlLength headheight=0.0pt

latex2htmlLength headsep=0.0pt

latex2htmlLength parskip=0.0pt plus 1.0pt

latex2htmlLength oddsidemargin=0.0pt

latex2htmlLength evensidemargin=0.0pt

File: tktop.eps Graphic file (type eps)
<tktop.eps>
l2hSize :tex2html\_wrap1330:224.09pt::0.0pt::349.0pt.
[2



]
File: dismat.eps Graphic file (type eps)
<dismat.eps>
Overfull \hbox (28.41pt too wide) in paragraph at lines 210--211
[][] 
 []

l2hSize :tex2html\_wrap1841:75.28125pt::0.0pt::349.0pt.
[3


]
File: dismat2.eps Graphic file (type eps)
<dismat2.eps>
Overfull \hbox (28.41pt too wide) in paragraph at lines 216--217
[][] 
 []

l2hSize :tex2html\_wrap1847:75.28125pt::0.0pt::349.0pt.
[4


]
File: remotetools.eps Graphic file (type eps)
<remotetools.eps>
l2hSize :tex2html\_wrap1917:138.5175pt::0.0pt::349.0pt.
[5


]
File: remotetools2.eps Graphic file (type eps)
<remotetools2.eps>
l2hSize :tex2html\_wrap1919:138.5175pt::0.0pt::349.0pt.
[6


]
File: remotecon.eps Graphic file (type eps)
<remotecon.eps>
l2hSize :tex2html\_wrap1939:153.57375pt::0.0pt::349.0pt.
[7


]
File: remotecon2.eps Graphic file (type eps)
<remotecon2.eps>
l2hSize :tex2html\_wrap1947:153.57375pt::0.0pt::349.0pt.
[8


]
File: reexport.eps Graphic file (type eps)
<reexport.eps>
Overfull \hbox (81.60875pt too wide) in paragraph at lines 299--300
[][] 
 []

l2hSize :tex2html\_wrap4392:237.88875pt::0.0pt::349.0pt.
[9


]
File: boxmodel.eps Graphic file (type eps)
<boxmodel.eps>
Overfull \hbox (27.40625pt too wide) in paragraph at lines 401--402
[][] 
 []

l2hSize :tex2html\_wrap8358:230.86249pt::0.0pt::349.0pt.
[10


]
File: xrefDavinci.eps Graphic file (type eps)
<xrefDavinci.eps>
l2hSize :tex2html\_wrap9491:210.66803pt::0.0pt::349.0pt.
[11


]
File: resolv.eps Graphic file (type eps)
<resolv.eps>
Overfull \hbox (77.59375pt too wide) in paragraph at lines 465--466
[][] 
 []

l2hSize :tex2html\_wrap11042:117.43874pt::0.0pt::349.0pt.
[12


]
LaTeX Font Info:    External font `cmex10' loaded for size
(Font)              <10.95> on input line 473.
LaTeX Font Info:    External font `cmex10' loaded for size
(Font)              <8> on input line 473.
LaTeX Font Info:    External font `cmex10' loaded for size
(Font)              <6> on input line 473.
l2hSize :tex2html\_wrap\_inline11002:7.0626pt::0.0pt::9.06422pt.
[13


] (images.aux) ) 
Here is how much of TeX's memory you used:
 1459 strings out of 10898
 18822 string characters out of 96881
 67429 words of memory out of 263001
 4353 multiletter control sequences out of 10000+0
 7812 words of font info for 24 fonts, out of 400000 for 1000
 14 hyphenation exceptions out of 1000
 28i,5n,19p,615b,222s stack positions out of 300i,100n,500p,50000b,4000s

Output written on images.dvi (12 pages, 3076 bytes).
